<?xml version="1.0" encoding="UTF-8"?>
<testng-results skipped="0" failed="0" ignored="0" total="1" passed="1">
  <reporter-output>
  </reporter-output>
  <suite name="Default suite" duration-ms="36746" started-at="2019-12-29T09:20:37 IST" finished-at="2019-12-29T09:21:13 IST">
    <groups>
    </groups>
    <test name="Default test" duration-ms="36746" started-at="2019-12-29T09:20:37 IST" finished-at="2019-12-29T09:21:13 IST">
      <class name="Testtesng">
        <test-method status="PASS" signature="setup()[pri:0, instance:Testtesng@4b9e255]" name="setup" is-config="true" duration-ms="27616" started-at="2019-12-29T09:20:37 IST" finished-at="2019-12-29T09:21:04 IST">
          <reporter-output>
          </reporter-output>
        </test-method> <!-- setup -->
        <test-method status="PASS" signature="login()[pri:0, instance:Testtesng@4b9e255]" name="login" duration-ms="9046" started-at="2019-12-29T09:21:04 IST" finished-at="2019-12-29T09:21:13 IST">
          <reporter-output>
          </reporter-output>
        </test-method> <!-- login -->
      </class> <!-- Testtesng -->
    </test> <!-- Default test -->
  </suite> <!-- Default suite -->
</testng-results>
